[debug] ----------------------------------------------------------------------
[debug] Command:      /usr/local/bin/node /usr/local/bin/firebase serve
[debug] CLI Version:  3.6.1
[debug] Platform:     darwin
[debug] Node Version: v6.10.2
[debug] Time:         Tue May 23 2017 11:13:48 GMT+0900 (KST)
[debug] ----------------------------------------------------------------------
[debug] 
[debug] > command requires scopes: ["email","openid","https://www.googleapis.com/auth/cloudplatformprojects.readonly","https://www.googleapis.com/auth/firebase","https://www.googleapis.com/auth/cloud-platform"]
[debug] >>> HTTP REQUEST GET https://admin.firebase.com/v1/projects/angeltalk-f0a5d  
 Tue May 23 2017 11:13:48 GMT+0900 (KST)
[debug] <<< HTTP RESPONSE 200
[debug] >>> HTTP REQUEST GET https://admin.firebase.com/v1/database/angeltalk-f0a5d/tokens  
 Tue May 23 2017 11:13:49 GMT+0900 (KST)
[debug] <<< HTTP RESPONSE 200
[info] Starting Firebase development server...
[info] 
[info] Project Directory: /Users/devcraft47/workspace/angeltalk-web/angeltalk-web
[debug] >>> HTTP REQUEST GET https://cloudresourcemanager.googleapis.com/v1/projects/angeltalk-f0a5d  
 Tue May 23 2017 11:13:50 GMT+0900 (KST)
[debug] <<< HTTP RESPONSE 200
[debug] >>> HTTP REQUEST GET https://mobilesdk-pa.googleapis.com/v1/projects/444811206873/clients/_:getWebAppConfig  
 Tue May 23 2017 11:13:51 GMT+0900 (KST)
[debug] <<< HTTP RESPONSE 200
[info] Public Directory: public
[info] 
[info] Server listening at: http://localhost:5000
